This file contains any messages produced by compilers while
running configure, to aid debugging if configure makes a mistake.

It was created by libffi configure 3.0.10rc0, which was
generated by GNU Autoconf 2.63.  Invocation command line was

  $ ./configure 

## --------- ##
## Platform. ##
## --------- ##

hostname = HSSR001.local
uname -m = x86_64
uname -r = 2.6.26-2-amd64
uname -s = Linux
uname -v = #1 SMP Tue Aug 31 09:11:22 UTC 2010

/usr/bin/uname -p = unknown
/bin/uname -X     = unknown

/bin/arch              = unknown
/usr/bin/arch -k       = unknown
/usr/convex/getsysinfo = unknown
/usr/bin/hostinfo      = unknown
/bin/machine           = unknown
/usr/bin/oslevel       = unknown
/bin/universe          = unknown

PATH: /usr/local/sbin
PATH: /usr/local/bin
PATH: /usr/sbin
PATH: /usr/bin
PATH: /sbin
PATH: /bin


## ----------- ##
## Core tests. ##
## ----------- ##

configure:2145: checking build system type
configure:2163: result: x86_64-unknown-linux-gnu
configure:2185: checking host system type
configure:2200: result: x86_64-unknown-linux-gnu
configure:2222: checking target system type
configure:2237: result: x86_64-unknown-linux-gnu
configure:2285: checking for a BSD-compatible install
configure:2353: result: /usr/bin/install -c
configure:2364: checking whether build environment is sane
configure:2424: result: yes
configure:2565: checking for a thread-safe mkdir -p
configure:2604: result: /bin/mkdir -p
configure:2617: checking for gawk
configure:2647: result: no
configure:2617: checking for mawk
configure:2633: found /usr/bin/mawk
configure:2644: result: mawk
configure:2655: checking whether make sets $(MAKE)
configure:2677: result: yes
configure:2815: checking for gcc
configure:2831: found /usr/bin/gcc
configure:2842: result: gcc
configure:3074: checking for C compiler version
configure:3082: gcc --version >&5
gcc (Debian 4.3.2-1.1) 4.3.2
Copyright (C) 2008 Free Software Foundation, Inc.
This is free software; see the source for copying conditions.  There is NO
warranty; not even for MERCHANTABILITY or FITNESS FOR A PARTICULAR PURPOSE.

configure:3086: $? = 0
configure:3093: gcc -v >&5
Using built-in specs.
Target: x86_64-linux-gnu
Configured with: ../src/configure -v --with-pkgversion='Debian 4.3.2-1.1' --with-bugurl=file:///usr/share/doc/gcc-4.3/README.Bugs --enable-languages=c,c++,fortran,objc,obj-c++ --prefix=/usr --enable-shared --with-system-zlib --libexecdir=/usr/lib --without-included-gettext --enable-threads=posix --enable-nls --with-gxx-include-dir=/usr/include/c++/4.3 --program-suffix=-4.3 --enable-clocale=gnu --enable-libstdcxx-debug --enable-objc-gc --enable-mpfr --enable-cld --enable-checking=release --build=x86_64-linux-gnu --host=x86_64-linux-gnu --target=x86_64-linux-gnu
Thread model: posix
gcc version 4.3.2 (Debian 4.3.2-1.1) 
configure:3097: $? = 0
configure:3104: gcc -V >&5
gcc: '-V' option must have argument
configure:3108: $? = 1
configure:3131: checking for C compiler default output file name
configure:3153: gcc    conftest.c  >&5
configure:3157: $? = 0
configure:3195: result: a.out
configure:3214: checking whether the C compiler works
configure:3224: ./a.out
configure:3228: $? = 0
configure:3247: result: yes
configure:3254: checking whether we are cross compiling
configure:3256: result: no
configure:3259: checking for suffix of executables
configure:3266: gcc -o conftest    conftest.c  >&5
configure:3270: $? = 0
configure:3296: result: 
configure:3302: checking for suffix of object files
configure:3328: gcc -c   conftest.c >&5
configure:3332: $? = 0
configure:3357: result: o
configure:3361: checking whether we are using the GNU C compiler
configure:3390: gcc -c   conftest.c >&5
configure:3397: $? = 0
configure:3414: result: yes
configure:3423: checking whether gcc accepts -g
configure:3453: gcc -c -g  conftest.c >&5
configure:3460: $? = 0
configure:3561: result: yes
configure:3578: checking for gcc option to accept ISO C89
configure:3652: gcc  -c -g -O2  conftest.c >&5
configure:3659: $? = 0
configure:3682: result: none needed
configure:3711: checking for style of include used by make
configure:3739: result: GNU
configure:3764: checking dependency style of gcc
configure:3874: result: gcc3
configure:3903: checking dependency style of gcc
configure:4011: result: gcc3
configure:4027: checking whether gcc and cc understand -c and -o together
configure:4062: gcc -c conftest.c -o conftest2.o >&5
configure:4066: $? = 0
configure:4072: gcc -c conftest.c -o conftest2.o >&5
configure:4076: $? = 0
configure:4087: cc -c conftest.c >&5
configure:4091: $? = 0
configure:4099: cc -c conftest.c -o conftest2.o >&5
configure:4103: $? = 0
configure:4109: cc -c conftest.c -o conftest2.o >&5
configure:4113: $? = 0
configure:4131: result: yes
configure:4183: checking for a sed that does not truncate output
configure:4249: result: /bin/sed
configure:4267: checking for grep that handles long lines and -e
configure:4327: result: /bin/grep
configure:4332: checking for egrep
configure:4396: result: /bin/grep -E
configure:4401: checking for fgrep
configure:4465: result: /bin/grep -F
configure:4500: checking for ld used by gcc
configure:4567: result: /usr/bin/ld
configure:4576: checking if the linker (/usr/bin/ld) is GNU ld
configure:4591: result: yes
configure:4603: checking for BSD- or MS-compatible name lister (nm)
configure:4652: result: /usr/bin/nm -B
configure:4770: checking the name lister (/usr/bin/nm -B) interface
configure:4777: gcc -c -g -O2  conftest.c >&5
configure:4780: /usr/bin/nm -B "conftest.o"
configure:4783: output
0000000000000000 B some_variable
configure:4790: result: BSD nm
configure:4793: checking whether ln -s works
configure:4797: result: yes
configure:4805: checking the maximum length of command line arguments
configure:4925: result: 98304
configure:4942: checking whether the shell understands some XSI constructs
configure:4952: result: yes
configure:4956: checking whether the shell understands "+="
configure:4962: result: yes
configure:4997: checking for /usr/bin/ld option to reload object files
configure:5004: result: -r
configure:5073: checking for objdump
configure:5089: found /usr/bin/objdump
configure:5100: result: objdump
configure:5132: checking how to recognize dependent libraries
configure:5328: result: pass_all
configure:5388: checking for ar
configure:5404: found /usr/bin/ar
configure:5415: result: ar
configure:5493: checking for strip
configure:5509: found /usr/bin/strip
configure:5520: result: strip
configure:5592: checking for ranlib
configure:5608: found /usr/bin/ranlib
configure:5619: result: ranlib
configure:5709: checking command to parse /usr/bin/nm -B output from gcc object
configure:5827: gcc -c -g -O2  conftest.c >&5
configure:5830: $? = 0
configure:5834: /usr/bin/nm -B conftest.o \| sed -n -e 's/^.*[	 ]\([ABCDGIRSTW][ABCDGIRSTW]*\)[	 ][	 ]*\([_A-Za-z][_A-Za-z0-9]*\)$/\1 \2 \2/p' \> conftest.nm
configure:5837: $? = 0
configure:5891: gcc -o conftest -g -O2   conftest.c conftstm.o >&5
configure:5894: $? = 0
configure:5932: result: ok
configure:6028: gcc -c -g -O2  conftest.c >&5
configure:6031: $? = 0
configure:6799: checking how to run the C preprocessor
configure:6839: gcc -E  conftest.c
configure:6846: $? = 0
configure:6877: gcc -E  conftest.c
conftest.c:10:28: error: ac_nonexistent.h: No such file or directory
configure:6884: $? = 1
configure: failed program was:
| /* confdefs.h.  */
| #define PACKAGE_NAME "libffi"
| #define PACKAGE_TARNAME "libffi"
| #define PACKAGE_VERSION "3.0.10rc0"
| #define PACKAGE_STRING "libffi 3.0.10rc0"
| #define PACKAGE_BUGREPORT "http://gcc.gnu.org/bugs.html"
| #define PACKAGE "libffi"
| #define VERSION "3.0.10rc0"
| /* end confdefs.h.  */
| #include <ac_nonexistent.h>
configure:6917: result: gcc -E
configure:6946: gcc -E  conftest.c
configure:6953: $? = 0
configure:6984: gcc -E  conftest.c
conftest.c:10:28: error: ac_nonexistent.h: No such file or directory
configure:6991: $? = 1
configure: failed program was:
| /* confdefs.h.  */
| #define PACKAGE_NAME "libffi"
| #define PACKAGE_TARNAME "libffi"
| #define PACKAGE_VERSION "3.0.10rc0"
| #define PACKAGE_STRING "libffi 3.0.10rc0"
| #define PACKAGE_BUGREPORT "http://gcc.gnu.org/bugs.html"
| #define PACKAGE "libffi"
| #define VERSION "3.0.10rc0"
| /* end confdefs.h.  */
| #include <ac_nonexistent.h>
configure:7031: checking for ANSI C header files
configure:7061: gcc -c -g -O2  conftest.c >&5
configure:7068: $? = 0
configure:7167: gcc -o conftest -g -O2   conftest.c  >&5
configure:7171: $? = 0
configure:7177: ./conftest
configure:7181: $? = 0
configure:7199: result: yes
configure:7223: checking for sys/types.h
configure:7244: gcc -c -g -O2  conftest.c >&5
configure:7251: $? = 0
configure:7268: result: yes
configure:7223: checking for sys/stat.h
configure:7244: gcc -c -g -O2  conftest.c >&5
configure:7251: $? = 0
configure:7268: result: yes
configure:7223: checking for stdlib.h
configure:7244: gcc -c -g -O2  conftest.c >&5
configure:7251: $? = 0
configure:7268: result: yes
configure:7223: checking for string.h
configure:7244: gcc -c -g -O2  conftest.c >&5
configure:7251: $? = 0
configure:7268: result: yes
configure:7223: checking for memory.h
configure:7244: gcc -c -g -O2  conftest.c >&5
configure:7251: $? = 0
configure:7268: result: yes
configure:7223: checking for strings.h
configure:7244: gcc -c -g -O2  conftest.c >&5
configure:7251: $? = 0
configure:7268: result: yes
configure:7223: checking for inttypes.h
configure:7244: gcc -c -g -O2  conftest.c >&5
configure:7251: $? = 0
configure:7268: result: yes
configure:7223: checking for stdint.h
configure:7244: gcc -c -g -O2  conftest.c >&5
configure:7251: $? = 0
configure:7268: result: yes
configure:7223: checking for unistd.h
configure:7244: gcc -c -g -O2  conftest.c >&5
configure:7251: $? = 0
configure:7268: result: yes
configure:7286: checking for dlfcn.h
configure:7307: gcc -c -g -O2  conftest.c >&5
configure:7314: $? = 0
configure:7331: result: yes
configure:7517: checking for objdir
configure:7532: result: .libs
configure:7824: checking if gcc supports -fno-rtti -fno-exceptions
configure:7842: gcc -c -g -O2  -fno-rtti -fno-exceptions conftest.c >&5
cc1: warning: command line option "-fno-rtti" is valid for C++/ObjC++ but not for C
configure:7846: $? = 0
configure:7859: result: no
configure:7879: checking for gcc option to produce PIC
configure:8151: result: -fPIC -DPIC
configure:8163: checking if gcc PIC flag -fPIC -DPIC works
configure:8181: gcc -c -g -O2  -fPIC -DPIC -DPIC conftest.c >&5
configure:8185: $? = 0
configure:8198: result: yes
configure:8222: checking if gcc static flag -static works
configure:8250: result: yes
configure:8265: checking if gcc supports -c -o file.o
configure:8286: gcc -c -g -O2  -o out/conftest2.o conftest.c >&5
configure:8290: $? = 0
configure:8312: result: yes
configure:8320: checking if gcc supports -c -o file.o
configure:8367: result: yes
configure:8400: checking whether the gcc linker (/usr/bin/ld -m elf_x86_64) supports shared libraries
configure:9474: result: yes
configure:9511: checking whether -lc should be explicitly linked in
configure:9516: gcc -c -g -O2  conftest.c >&5
configure:9519: $? = 0
configure:9534: gcc -shared conftest.o  -v -Wl,-soname -Wl,conftest -o conftest 2\>\&1 \| /bin/grep  -lc  \>/dev/null 2\>\&1
configure:9537: $? = 0
configure:9549: result: no
configure:9713: checking dynamic linker characteristics
configure:10156: gcc -o conftest -g -O2   -Wl,-rpath -Wl,/foo conftest.c  >&5
configure:10163: $? = 0
configure:10399: result: GNU/Linux ld.so
configure:10501: checking how to hardcode library paths into programs
configure:10526: result: immediate
configure:11359: checking whether stripping libraries is possible
configure:11364: result: yes
configure:11399: checking if libtool supports shared libraries
configure:11401: result: yes
configure:11404: checking whether to build shared libraries
configure:11425: result: yes
configure:11428: checking whether to build static libraries
configure:11432: result: yes
configure:11470: checking whether to enable maintainer-specific portions of Makefiles
configure:11479: result: no
configure:11509: checking sys/mman.h usability
configure:11526: gcc -c -g -O2  conftest.c >&5
configure:11533: $? = 0
configure:11547: result: yes
configure:11551: checking sys/mman.h presence
configure:11566: gcc -E  conftest.c
configure:11573: $? = 0
configure:11587: result: yes
configure:11620: checking for sys/mman.h
configure:11629: result: yes
configure:11648: checking for mmap
configure:11704: gcc -o conftest -g -O2   conftest.c  >&5
configure:11711: $? = 0
configure:11733: result: yes
configure:11747: checking for sys/mman.h
configure:11752: result: yes
configure:11885: checking for mmap
configure:11968: result: yes
configure:11982: checking whether read-only mmap of a plain file works
configure:11999: result: yes
configure:12001: checking whether mmap from /dev/zero works
configure:12023: result: yes
configure:12027: checking for MAP_ANON(YMOUS)
configure:12060: gcc -c -g -O2  conftest.c >&5
configure:12067: $? = 0
configure:12082: result: yes
configure:12088: checking whether mmap with MAP_ANON(YMOUS) works
configure:12105: result: yes
configure:12488: checking for ANSI C header files
configure:12656: result: yes
configure:12670: checking for memcpy
configure:12726: gcc -o conftest -g -O2   conftest.c  >&5
conftest.c:51: warning: conflicting types for built-in function 'memcpy'
configure:12733: $? = 0
configure:12755: result: yes
configure:12769: checking for working alloca.h
configure:12796: gcc -o conftest -g -O2   conftest.c  >&5
configure:12803: $? = 0
configure:12823: result: yes
configure:12833: checking for alloca
configure:12880: gcc -o conftest -g -O2   conftest.c  >&5
configure:12887: $? = 0
configure:12907: result: yes
configure:13149: checking size of double
configure:13454: gcc -o conftest -g -O2   conftest.c  >&5
configure:13458: $? = 0
configure:13464: ./conftest
configure:13468: $? = 0
configure:13494: result: 8
configure:13508: checking size of long double
configure:13813: gcc -o conftest -g -O2   conftest.c  >&5
configure:13817: $? = 0
configure:13823: ./conftest
configure:13827: $? = 0
configure:13853: result: 16
configure:13881: checking whether byte ordering is bigendian
configure:13906: gcc -c -g -O2  conftest.c >&5
conftest.c:35: error: expected '=', ',', ';', 'asm' or '__attribute__' before 'a'
configure:13913: $? = 1
configure: failed program was:
| /* confdefs.h.  */
| #define PACKAGE_NAME "libffi"
| #define PACKAGE_TARNAME "libffi"
| #define PACKAGE_VERSION "3.0.10rc0"
| #define PACKAGE_STRING "libffi 3.0.10rc0"
| #define PACKAGE_BUGREPORT "http://gcc.gnu.org/bugs.html"
| #define PACKAGE "libffi"
| #define VERSION "3.0.10rc0"
| #define STDC_HEADERS 1
| #define HAVE_SYS_TYPES_H 1
| #define HAVE_SYS_STAT_H 1
| #define HAVE_STDLIB_H 1
| #define HAVE_STRING_H 1
| #define HAVE_MEMORY_H 1
| #define HAVE_STRINGS_H 1
| #define HAVE_INTTYPES_H 1
| #define HAVE_STDINT_H 1
| #define HAVE_UNISTD_H 1
| #define HAVE_DLFCN_H 1
| #define LT_OBJDIR ".libs/"
| #define HAVE_SYS_MMAN_H 1
| #define HAVE_MMAP 1
| #define HAVE_MMAP_FILE 1
| #define HAVE_MMAP_DEV_ZERO 1
| #define HAVE_MMAP_ANON 1
| #define STDC_HEADERS 1
| #define HAVE_MEMCPY 1
| #define HAVE_ALLOCA_H 1
| #define HAVE_ALLOCA 1
| #define SIZEOF_DOUBLE 8
| #define SIZEOF_LONG_DOUBLE 16
| #define HAVE_LONG_DOUBLE 1
| /* end confdefs.h.  */
| #ifndef __APPLE_CC__
| 	       not a universal capable compiler
| 	     #endif
| 	     typedef int dummy;
| 
configure:13963: gcc -c -g -O2  conftest.c >&5
configure:13970: $? = 0
configure:14002: gcc -c -g -O2  conftest.c >&5
conftest.c: In function 'main':
conftest.c:41: error: 'not' undeclared (first use in this function)
conftest.c:41: error: (Each undeclared identifier is reported only once
conftest.c:41: error: for each function it appears in.)
conftest.c:41: error: expected ';' before 'big'
configure:14009: $? = 1
configure: failed program was:
| /* confdefs.h.  */
| #define PACKAGE_NAME "libffi"
| #define PACKAGE_TARNAME "libffi"
| #define PACKAGE_VERSION "3.0.10rc0"
| #define PACKAGE_STRING "libffi 3.0.10rc0"
| #define PACKAGE_BUGREPORT "http://gcc.gnu.org/bugs.html"
| #define PACKAGE "libffi"
| #define VERSION "3.0.10rc0"
| #define STDC_HEADERS 1
| #define HAVE_SYS_TYPES_H 1
| #define HAVE_SYS_STAT_H 1
| #define HAVE_STDLIB_H 1
| #define HAVE_STRING_H 1
| #define HAVE_MEMORY_H 1
| #define HAVE_STRINGS_H 1
| #define HAVE_INTTYPES_H 1
| #define HAVE_STDINT_H 1
| #define HAVE_UNISTD_H 1
| #define HAVE_DLFCN_H 1
| #define LT_OBJDIR ".libs/"
| #define HAVE_SYS_MMAN_H 1
| #define HAVE_MMAP 1
| #define HAVE_MMAP_FILE 1
| #define HAVE_MMAP_DEV_ZERO 1
| #define HAVE_MMAP_ANON 1
| #define STDC_HEADERS 1
| #define HAVE_MEMCPY 1
| #define HAVE_ALLOCA_H 1
| #define HAVE_ALLOCA 1
| #define SIZEOF_DOUBLE 8
| #define SIZEOF_LONG_DOUBLE 16
| #define HAVE_LONG_DOUBLE 1
| /* end confdefs.h.  */
| #include <sys/types.h>
| 		#include <sys/param.h>
| 
| int
| main ()
| {
| #if BYTE_ORDER != BIG_ENDIAN
| 		 not big endian
| 		#endif
| 
|   ;
|   return 0;
| }
configure:14261: result: no
configure:14287: checking assembler .cfi pseudo-op support
configure:14315: gcc -c -g -O2  conftest.c >&5
configure:14322: $? = 0
configure:14338: result: yes
configure:14483: checking assembler supports pc related relocs
configure:14496: result: yes
configure:14517: checking whether .eh_frame section should be read-only
configure:14536: result: yes
configure:14557: checking for __attribute__((visibility("hidden")))
configure:14566: gcc -Werror -S conftest.c -o conftest.s 1>&5
configure:14569: $? = 0
configure:14578: result: yes
configure:15005: creating ./config.status

## ---------------------- ##
## Running config.status. ##
## ---------------------- ##

This file was extended by libffi config.status 3.0.10rc0, which was
generated by GNU Autoconf 2.63.  Invocation command line was

  CONFIG_FILES    = 
  CONFIG_HEADERS  = 
  CONFIG_LINKS    = 
  CONFIG_COMMANDS = 
  $ ./config.status 

on HSSR001.local

config.status:1088: creating include/Makefile
config.status:1088: creating include/ffi.h
config.status:1088: creating Makefile
config.status:1088: creating testsuite/Makefile
config.status:1088: creating man/Makefile
config.status:1088: creating libffi.pc
config.status:1088: creating fficonfig.h
config.status:1374: linking src/x86/ffitarget.h to include/ffitarget.h
config.status:1397: executing depfiles commands
config.status:1397: executing libtool commands
config.status:1397: executing include commands
config.status:1397: executing src commands

## ---------------- ##
## Cache variables. ##
## ---------------- ##

ac_cv_build=x86_64-unknown-linux-gnu
ac_cv_c_bigendian=no
ac_cv_c_compiler_gnu=yes
ac_cv_decl_map_anon=yes
ac_cv_env_CCASFLAGS_set=
ac_cv_env_CCASFLAGS_value=
ac_cv_env_CCAS_set=
ac_cv_env_CCAS_value=
ac_cv_env_CPPFLAGS_set=
ac_cv_env_CPPFLAGS_value=
ac_cv_env_CPP_set=
ac_cv_env_CPP_value=
ac_cv_env_build_alias_set=
ac_cv_env_build_alias_value=
ac_cv_env_host_alias_set=
ac_cv_env_host_alias_value=
ac_cv_env_target_alias_set=
ac_cv_env_target_alias_value=
ac_cv_func_alloca_works=yes
ac_cv_func_memcpy=yes
ac_cv_func_mmap=yes
ac_cv_func_mmap_anon=yes
ac_cv_func_mmap_dev_zero=yes
ac_cv_func_mmap_file=yes
ac_cv_header_dlfcn_h=yes
ac_cv_header_inttypes_h=yes
ac_cv_header_memory_h=yes
ac_cv_header_stdc=yes
ac_cv_header_stdint_h=yes
ac_cv_header_stdlib_h=yes
ac_cv_header_string_h=yes
ac_cv_header_strings_h=yes
ac_cv_header_sys_mman_h=yes
ac_cv_header_sys_stat_h=yes
ac_cv_header_sys_types_h=yes
ac_cv_header_unistd_h=yes
ac_cv_host=x86_64-unknown-linux-gnu
ac_cv_objext=o
ac_cv_path_EGREP='/bin/grep -E'
ac_cv_path_FGREP='/bin/grep -F'
ac_cv_path_GREP=/bin/grep
ac_cv_path_SED=/bin/sed
ac_cv_path_install='/usr/bin/install -c'
ac_cv_path_mkdir=/bin/mkdir
ac_cv_prog_AWK=mawk
ac_cv_prog_CPP='gcc -E'
ac_cv_prog_ac_ct_AR=ar
ac_cv_prog_ac_ct_CC=gcc
ac_cv_prog_ac_ct_OBJDUMP=objdump
ac_cv_prog_ac_ct_RANLIB=ranlib
ac_cv_prog_ac_ct_STRIP=strip
ac_cv_prog_cc_c89=
ac_cv_prog_cc_g=yes
ac_cv_prog_cc_gcc_c_o=yes
ac_cv_prog_make_make_set=yes
ac_cv_sizeof_double=8
ac_cv_sizeof_long_double=16
ac_cv_target=x86_64-unknown-linux-gnu
ac_cv_working_alloca_h=yes
am_cv_CCAS_dependencies_compiler_type=gcc3
am_cv_CC_dependencies_compiler_type=gcc3
libffi_cv_as_cfi_pseudo_op=yes
libffi_cv_as_x86_pcrel=yes
libffi_cv_hidden_visibility_attribute=yes
libffi_cv_ro_eh_frame=yes
lt_cv_deplibs_check_method=pass_all
lt_cv_file_magic_cmd='$MAGIC_CMD'
lt_cv_file_magic_test_file=
lt_cv_ld_reload_flag=-r
lt_cv_nm_interface='BSD nm'
lt_cv_objdir=.libs
lt_cv_path_LD=/usr/bin/ld
lt_cv_path_NM='/usr/bin/nm -B'
lt_cv_prog_compiler_c_o=yes
lt_cv_prog_compiler_pic_works=yes
lt_cv_prog_compiler_rtti_exceptions=no
lt_cv_prog_compiler_static_works=yes
lt_cv_prog_gnu_ld=yes
lt_cv_sys_global_symbol_pipe='sed -n -e '\''s/^.*[	 ]\([ABCDGIRSTW][ABCDGIRSTW]*\)[	 ][	 ]*\([_A-Za-z][_A-Za-z0-9]*\)$/\1 \2 \2/p'\'''
lt_cv_sys_global_symbol_to_c_name_address='sed -n -e '\''s/^: \([^ ]*\) $/  {\"\1\", (void *) 0},/p'\'' -e '\''s/^[ABCDGIRSTW]* \([^ ]*\) \([^ ]*\)$/  {"\2", (void *) \&\2},/p'\'''
lt_cv_sys_global_symbol_to_c_name_address_lib_prefix='sed -n -e '\''s/^: \([^ ]*\) $/  {\"\1\", (void *) 0},/p'\'' -e '\''s/^[ABCDGIRSTW]* \([^ ]*\) \(lib[^ ]*\)$/  {"\2", (void *) \&\2},/p'\'' -e '\''s/^[ABCDGIRSTW]* \([^ ]*\) \([^ ]*\)$/  {"lib\2", (void *) \&\2},/p'\'''
lt_cv_sys_global_symbol_to_cdecl='sed -n -e '\''s/^T .* \(.*\)$/extern int \1();/p'\'' -e '\''s/^[ABCDGIRSTW]* .* \(.*\)$/extern char \1;/p'\'''
lt_cv_sys_max_cmd_len=98304

## ----------------- ##
## Output variables. ##
## ----------------- ##

ACLOCAL='${SHELL} /opt/apePennyWes/APE_Server/deps/js/src/ctypes/libffi/missing --run aclocal-1.11'
ALLOCA=''
ALPHA_FALSE=''
ALPHA_TRUE='#'
AMDEPBACKSLASH='\'
AMDEP_FALSE='#'
AMDEP_TRUE=''
AMTAR='${SHELL} /opt/apePennyWes/APE_Server/deps/js/src/ctypes/libffi/missing --run tar'
AM_LTLDFLAGS=''
AM_RUNTESTFLAGS=''
AR='ar'
ARM_FALSE=''
ARM_TRUE='#'
AUTOCONF='${SHELL} /opt/apePennyWes/APE_Server/deps/js/src/ctypes/libffi/missing --run autoconf'
AUTOHEADER='${SHELL} /opt/apePennyWes/APE_Server/deps/js/src/ctypes/libffi/missing --run autoheader'
AUTOMAKE='${SHELL} /opt/apePennyWes/APE_Server/deps/js/src/ctypes/libffi/missing --run automake-1.11'
AVR32_FALSE=''
AVR32_TRUE='#'
AWK='mawk'
CC='gcc'
CCAS='gcc'
CCASDEPMODE='depmode=gcc3'
CCASFLAGS='-g -O2'
CCDEPMODE='depmode=gcc3'
CFLAGS='-g -O2'
CPP='gcc -E'
CPPFLAGS=''
CYGPATH_W='echo'
DEFS='-DHAVE_CONFIG_H'
DEPDIR='.deps'
DSYMUTIL=''
DUMPBIN=''
ECHO_C=''
ECHO_N='-n'
ECHO_T=''
EGREP='/bin/grep -E'
EXEEXT=''
FGREP='/bin/grep -F'
FRV_FALSE=''
FRV_TRUE='#'
GREP='/bin/grep'
HAVE_LONG_DOUBLE='1'
IA64_FALSE=''
IA64_TRUE='#'
INSTALL_DATA='${INSTALL} -m 644'
INSTALL_PROGRAM='${INSTALL}'
INSTALL_SCRIPT='${INSTALL}'
INSTALL_STRIP_PROGRAM='$(install_sh) -c -s'
LD='/usr/bin/ld -m elf_x86_64'
LDFLAGS=''
LIBFFI_CRIS_FALSE=''
LIBFFI_CRIS_TRUE='#'
LIBOBJS=''
LIBS=''
LIBTOOL='$(SHELL) $(top_builddir)/libtool'
LIPO=''
LN_S='ln -s'
LTLIBOBJS=''
M32R_FALSE=''
M32R_TRUE='#'
M68K_FALSE=''
M68K_TRUE='#'
MAINT='#'
MAINTAINER_MODE_FALSE=''
MAINTAINER_MODE_TRUE='#'
MAKEINFO='${SHELL} /opt/apePennyWes/APE_Server/deps/js/src/ctypes/libffi/missing --run makeinfo'
MIPS_FALSE=''
MIPS_TRUE='#'
MKDIR_P='/bin/mkdir -p'
NM='/usr/bin/nm -B'
NMEDIT=''
OBJDUMP='objdump'
OBJEXT='o'
OTOOL64=''
OTOOL=''
PA64_HPUX_FALSE=''
PA64_HPUX_TRUE='#'
PACKAGE='libffi'
PACKAGE_BUGREPORT='http://gcc.gnu.org/bugs.html'
PACKAGE_NAME='libffi'
PACKAGE_STRING='libffi 3.0.10rc0'
PACKAGE_TARNAME='libffi'
PACKAGE_VERSION='3.0.10rc0'
PATH_SEPARATOR=':'
PA_HPUX_FALSE=''
PA_HPUX_TRUE='#'
PA_LINUX_FALSE=''
PA_LINUX_TRUE='#'
POWERPC_AIX_FALSE=''
POWERPC_AIX_TRUE='#'
POWERPC_DARWIN_FALSE=''
POWERPC_DARWIN_TRUE='#'
POWERPC_FALSE=''
POWERPC_FREEBSD_FALSE=''
POWERPC_FREEBSD_TRUE='#'
POWERPC_TRUE='#'
RANLIB='ranlib'
S390_FALSE=''
S390_TRUE='#'
SED='/bin/sed'
SET_MAKE=''
SH64_FALSE=''
SH64_TRUE='#'
SHELL='/bin/sh'
SH_FALSE=''
SH_TRUE='#'
SPARC_FALSE=''
SPARC_TRUE='#'
STRIP='strip'
TARGET='X86_64'
TARGETDIR='x86'
TESTSUBDIR_FALSE='#'
TESTSUBDIR_TRUE=''
VERSION='3.0.10rc0'
X86_64_FALSE='#'
X86_64_TRUE=''
X86_DARWIN_FALSE=''
X86_DARWIN_TRUE='#'
X86_FALSE=''
X86_FREEBSD_FALSE=''
X86_FREEBSD_TRUE='#'
X86_TRUE='#'
X86_WIN32_FALSE=''
X86_WIN32_TRUE='#'
X86_WIN64_FALSE=''
X86_WIN64_TRUE='#'
ac_ct_CC='gcc'
ac_ct_DUMPBIN=''
am__EXEEXT_FALSE=''
am__EXEEXT_TRUE='#'
am__fastdepCCAS_FALSE='#'
am__fastdepCCAS_TRUE=''
am__fastdepCC_FALSE='#'
am__fastdepCC_TRUE=''
am__include='include'
am__isrc=''
am__leading_dot='.'
am__quote=''
am__tar='${AMTAR} chof - "$$tardir"'
am__untar='${AMTAR} xf -'
bindir='${exec_prefix}/bin'
build='x86_64-unknown-linux-gnu'
build_alias=''
build_cpu='x86_64'
build_os='linux-gnu'
build_vendor='unknown'
datadir='${datarootdir}'
datarootdir='${prefix}/share'
docdir='${datarootdir}/doc/${PACKAGE_TARNAME}'
dvidir='${docdir}'
exec_prefix='${prefix}'
host='x86_64-unknown-linux-gnu'
host_alias=''
host_cpu='x86_64'
host_os='linux-gnu'
host_vendor='unknown'
htmldir='${docdir}'
includedir='${prefix}/include'
infodir='${datarootdir}/info'
install_sh='${SHELL} /opt/apePennyWes/APE_Server/deps/js/src/ctypes/libffi/install-sh'
libdir='${exec_prefix}/lib'
libexecdir='${exec_prefix}/libexec'
localedir='${datarootdir}/locale'
localstatedir='${prefix}/var'
lt_ECHO='echo'
mandir='${datarootdir}/man'
mkdir_p='/bin/mkdir -p'
oldincludedir='/usr/include'
pdfdir='${docdir}'
prefix='/usr/local'
program_transform_name='s,x,x,'
psdir='${docdir}'
sbindir='${exec_prefix}/sbin'
sharedstatedir='${prefix}/com'
sysconfdir='${prefix}/etc'
target='x86_64-unknown-linux-gnu'
target_alias=''
target_cpu='x86_64'
target_os='linux-gnu'
target_vendor='unknown'
toolexecdir='$(libdir)/gcc-lib/$(target_alias)'
toolexeclibdir='$(libdir)/../lib'

## ----------- ##
## confdefs.h. ##
## ----------- ##

#define PACKAGE_NAME "libffi"
#define PACKAGE_TARNAME "libffi"
#define PACKAGE_VERSION "3.0.10rc0"
#define PACKAGE_STRING "libffi 3.0.10rc0"
#define PACKAGE_BUGREPORT "http://gcc.gnu.org/bugs.html"
#define PACKAGE "libffi"
#define VERSION "3.0.10rc0"
#define STDC_HEADERS 1
#define HAVE_SYS_TYPES_H 1
#define HAVE_SYS_STAT_H 1
#define HAVE_STDLIB_H 1
#define HAVE_STRING_H 1
#define HAVE_MEMORY_H 1
#define HAVE_STRINGS_H 1
#define HAVE_INTTYPES_H 1
#define HAVE_STDINT_H 1
#define HAVE_UNISTD_H 1
#define HAVE_DLFCN_H 1
#define LT_OBJDIR ".libs/"
#define HAVE_SYS_MMAN_H 1
#define HAVE_MMAP 1
#define HAVE_MMAP_FILE 1
#define HAVE_MMAP_DEV_ZERO 1
#define HAVE_MMAP_ANON 1
#define STDC_HEADERS 1
#define HAVE_MEMCPY 1
#define HAVE_ALLOCA_H 1
#define HAVE_ALLOCA 1
#define SIZEOF_DOUBLE 8
#define SIZEOF_LONG_DOUBLE 16
#define HAVE_LONG_DOUBLE 1
#define HAVE_AS_CFI_PSEUDO_OP 1
#define HAVE_AS_X86_PCREL 1
#define HAVE_RO_EH_FRAME 1
#define EH_FRAME_FLAGS "a"
#define HAVE_HIDDEN_VISIBILITY_ATTRIBUTE 1

configure: exit 0
